Flow report for DE2_Audio_Example
Wed Oct 22 16:50:36 2014
Quartus II 64-Bit Version 9.1 Build 350 03/24/2010 Service Pack 2 SJ Full Version


---------------------
; Table of Contents ;
---------------------
  1. Legal Notice
  2. Flow Summary
  3. Flow Settings
  4. Flow Non-Default Global Settings
  5. Flow Elapsed Time
  6. Flow OS Summary
  7. Flow Log



----------------
; Legal Notice ;
----------------
Copyright (C) 1991-2010 Altera Corporation
Your use of Altera Corporation's design tools, logic functions 
and other software and tools, and its AMPP partner logic 
functions, and any output files from any of the foregoing 
(including device programming or simulation files), and any 
associated documentation or information are expressly subject 
to the terms and conditions of the Altera Program License 
Subscription Agreement, Altera MegaCore Function License 
Agreement, or other applicable license agreement, including, 
without limitation, that your use is for the sole purpose of 
programming logic devices manufactured by Altera and sold by 
Altera or its authorized distributors.  Please refer to the 
applicable agreement for further details.



+------------------------------------------------------------------------------------+
; Flow Summary                                                                       ;
+------------------------------------+-----------------------------------------------+
; Flow Status                        ; Successful - Wed Oct 22 16:50:36 2014         ;
; Quartus II 64-Bit Version          ; 9.1 Build 350 03/24/2010 SP 2 SJ Full Version ;
; Revision Name                      ; DE2_Audio_Example                             ;
; Top-level Entity Name              ; toplevel                                      ;
; Family                             ; Cyclone II                                    ;
; Device                             ; EP2C35F672C6                                  ;
; Timing Models                      ; Final                                         ;
; Met timing requirements            ; Yes                                           ;
; Total logic elements               ; 413 / 33,216 ( 1 % )                          ;
;     Total combinational functions  ; 405 / 33,216 ( 1 % )                          ;
;     Dedicated logic registers      ; 215 / 33,216 ( < 1 % )                        ;
; Total registers                    ; 215                                           ;
; Total pins                         ; 34 / 475 ( 7 % )                              ;
; Total virtual pins                 ; 0                                             ;
; Total memory bits                  ; 8,192 / 483,840 ( 2 % )                       ;
; Embedded Multiplier 9-bit elements ; 0 / 70 ( 0 % )                                ;
; Total PLLs                         ; 1 / 4 ( 25 % )                                ;
+------------------------------------+-----------------------------------------------+


+-----------------------------------------+
; Flow Settings                           ;
+-------------------+---------------------+
; Option            ; Setting             ;
+-------------------+---------------------+
; Start date & time ; 10/22/2014 16:49:57 ;
; Main task         ; Compilation         ;
; Revision Name     ; DE2_Audio_Example   ;
+-------------------+---------------------+


+----------------------------------------------------------------------------------------------------------------------------------+
; Flow Non-Default Global Settings                                                                                                 ;
+------------------------------------+---------------------------------+--------------------------------+-------------+------------+
; Assignment Name                    ; Value                           ; Default Value                  ; Entity Name ; Section Id ;
+------------------------------------+---------------------------------+--------------------------------+-------------+------------+
; COMPILER_SIGNATURE_ID              ; 273440550199630.141401099601428 ; --                             ; --          ; --         ;
; OPTIMIZE_HOLD_TIMING               ; All Paths                       ; IO Paths and Minimum TPD Paths ; --          ; --         ;
; OPTIMIZE_MULTI_CORNER_TIMING       ; On                              ; Off                            ; --          ; --         ;
; PARTITION_COLOR                    ; 2147039                         ; --                             ; toplevel    ; Top        ;
; PARTITION_NETLIST_TYPE             ; SOURCE                          ; --                             ; toplevel    ; Top        ;
; TOP_LEVEL_ENTITY                   ; toplevel                        ; DE2_Audio_Example              ; --          ; --         ;
; USE_GENERATED_PHYSICAL_CONSTRAINTS ; Off                             ; --                             ; --          ; eda_palace ;
; VERILOG_INPUT_VERSION              ; SystemVerilog_2005              ; Verilog_2001                   ; --          ; --         ;
; VERILOG_SHOW_LMF_MAPPING_MESSAGES  ; Off                             ; --                             ; --          ; --         ;
+------------------------------------+---------------------------------+--------------------------------+-------------+------------+


+-----------------------------------------------------------------------------------------------------------------------------+
; Flow Elapsed Time                                                                                                           ;
+-------------------------+--------------+-------------------------+---------------------+------------------------------------+
; Module Name             ; Elapsed Time ; Average Processors Used ; Peak Virtual Memory ; Total CPU Time (on all processors) ;
+-------------------------+--------------+-------------------------+---------------------+------------------------------------+
; Analysis & Synthesis    ; 00:00:13     ; 1.0                     ; 301 MB              ; 00:00:04                           ;
; Fitter                  ; 00:00:10     ; 1.0                     ; 362 MB              ; 00:00:05                           ;
; Assembler               ; 00:00:08     ; 1.0                     ; 305 MB              ; 00:00:02                           ;
; Classic Timing Analyzer ; 00:00:04     ; 1.0                     ; 204 MB              ; 00:00:00                           ;
; Total                   ; 00:00:35     ; --                      ; --                  ; 00:00:11                           ;
+-------------------------+--------------+-------------------------+---------------------+------------------------------------+


+------------------------------------------------------------------------------------------+
; Flow OS Summary                                                                          ;
+-------------------------+------------------+---------------+------------+----------------+
; Module Name             ; Machine Hostname ; OS Name       ; OS Version ; Processor type ;
+-------------------------+------------------+---------------+------------+----------------+
; Analysis & Synthesis    ; 156TR4180DS-14   ; Windows Vista ; 6.1        ; x86_64         ;
; Fitter                  ; 156TR4180DS-14   ; Windows Vista ; 6.1        ; x86_64         ;
; Assembler               ; 156TR4180DS-14   ; Windows Vista ; 6.1        ; x86_64         ;
; Classic Timing Analyzer ; 156TR4180DS-14   ; Windows Vista ; 6.1        ; x86_64         ;
+-------------------------+------------------+---------------+------------+----------------+


------------
; Flow Log ;
------------
quartus_map --read_settings_files=on --write_settings_files=off AudioLab -c DE2_Audio_Example
quartus_fit --read_settings_files=off --write_settings_files=off AudioLab -c DE2_Audio_Example
quartus_asm --read_settings_files=off --write_settings_files=off AudioLab -c DE2_Audio_Example
quartus_tan --read_settings_files=off --write_settings_files=off AudioLab -c DE2_Audio_Example --timing_analysis_only



